c:\users\eddy\documents\github\453\assignment4\a4\debug\vc141.pdb
c:\users\eddy\documents\github\453\assignment4\a4\debug\vc141.idb
c:\users\eddy\documents\github\453\assignment4\a4\debug\glad.obj
c:\users\eddy\documents\github\453\assignment4\a4\debug\sphere.obj
c:\users\eddy\documents\github\453\assignment4\a4\debug\ray.obj
c:\users\eddy\documents\github\453\assignment4\a4\debug\triangle.obj
c:\users\eddy\documents\github\453\assignment4\a4\debug\shape.obj
c:\users\eddy\documents\github\453\assignment4\a4\debug\program.obj
c:\users\eddy\documents\github\453\assignment4\a4\debug\plane.obj
c:\users\eddy\documents\github\453\assignment4\a4\debug\main.obj
c:\users\eddy\documents\github\453\assignment4\a4\debug\light.obj
c:\users\eddy\documents\github\453\assignment4\a4\debug\imagebuffer.obj
c:\users\eddy\documents\github\453\assignment4\debug\a4.exe
c:\users\eddy\documents\github\453\assignment4\debug\a4.ilk
c:\users\eddy\documents\github\453\assignment4\debug\a4.pdb
c:\users\eddy\documents\github\453\assignment4\a4\debug\a4.tlog\cl.command.1.tlog
c:\users\eddy\documents\github\453\assignment4\a4\debug\a4.tlog\cl.read.1.tlog
c:\users\eddy\documents\github\453\assignment4\a4\debug\a4.tlog\cl.write.1.tlog
c:\users\eddy\documents\github\453\assignment4\a4\debug\a4.tlog\link.command.1.tlog
c:\users\eddy\documents\github\453\assignment4\a4\debug\a4.tlog\link.read.1.tlog
c:\users\eddy\documents\github\453\assignment4\a4\debug\a4.tlog\link.write.1.tlog
